[debug] [2021-09-03T08:02:43.580Z] ----------------------------------------------------------------------
[debug] [2021-09-03T08:02:43.581Z] Command:       C:\Program Files\nodejs\node.exe C:\Users\funny\AppData\Roaming\npm\node_modules\firebase-tools\lib\bin\firebase.js init
[debug] [2021-09-03T08:02:43.582Z] CLI Version:   9.16.6
[debug] [2021-09-03T08:02:43.582Z] Platform:      win32
[debug] [2021-09-03T08:02:43.582Z] Node Version:  v16.8.0
[debug] [2021-09-03T08:02:43.589Z] Time:          Fri Sep 03 2021 13:32:43 GMT+0530 (India Standard Time)
[debug] [2021-09-03T08:02:43.590Z] ----------------------------------------------------------------------
[debug] 
[debug] [2021-09-03T08:02:43.644Z] > command requires scopes: ["email","openid","https://www.googleapis.com/auth/cloudplatformprojects.readonly","https://www.googleapis.com/auth/firebase","https://www.googleapis.com/auth/cloud-platform"]
[debug] [2021-09-03T08:02:43.645Z] > authorizing via signed-in user (funnyakks@gmail.com)
[info] 
     ######## #### ########  ######## ########     ###     ######  ########
     ##        ##  ##     ## ##       ##     ##  ##   ##  ##       ##
     ######    ##  ########  ######   ########  #########  ######  ######
     ##        ##  ##    ##  ##       ##     ## ##     ##       ## ##
     ##       #### ##     ## ######## ########  ##     ##  ######  ########

You're about to initialize a Firebase project in this directory:

  C:\Users\funny\angular\oshop

Before we get started, keep in mind:

  * You are initializing within an existing Firebase project directory

[info] 
=== Project Setup
[info] 
[info] First, let's associate this project directory with a Firebase project.
[info] You can create multiple project aliases by running firebase use --add, 
[info] but for now we'll just set up a default project.
[info] 
[info] i  .firebaserc already has a default project, using oshop-e8140. 
[debug] [2021-09-03T08:02:53.049Z] > refreshing access token with scopes: []
[debug] [2021-09-03T08:02:53.049Z] >>> HTTP REQUEST POST https://www.googleapis.com/oauth2/v3/token  
 <request body omitted>
[debug] [2021-09-03T08:02:53.369Z] <<< HTTP RESPONSE 200 {"pragma":"no-cache","expires":"Mon, 01 Jan 1990 00:00:00 GMT","cache-control":"no-cache, no-store, max-age=0, must-revalidate","date":"Fri, 03 Sep 2021 08:02:55 GMT","content-type":"application/json; charset=utf-8","vary":"X-Origin, Referer, Origin,Accept-Encoding","server":"scaffolding on HTTPServer2","x-xss-protection":"0","x-frame-options":"SAMEORIGIN","x-content-type-options":"nosniff","alt-svc":"h3=\":443\"; ma=2592000,h3-29=\":443\"; ma=2592000,h3-T051=\":443\"; ma=2592000,h3-Q050=\":443\"; ma=2592000,h3-Q046=\":443\"; ma=2592000,h3-Q043=\":443\"; ma=2592000,quic=\":443\"; ma=2592000; v=\"46,43\"","accept-ranges":"none","transfer-encoding":"chunked"}
[debug] [2021-09-03T08:02:53.377Z] >>> [apiv2][query] GET https://firebase.googleapis.com/v1beta1/projects/oshop-e8140 [none]
[debug] [2021-09-03T08:02:53.850Z] <<< [apiv2][status] GET https://firebase.googleapis.com/v1beta1/projects/oshop-e8140 403
[debug] [2021-09-03T08:02:53.850Z] <<< [apiv2][body] GET https://firebase.googleapis.com/v1beta1/projects/oshop-e8140 {"error":{"code":403,"message":"The caller does not have permission","status":"PERMISSION_DENIED"}}
[debug] [2021-09-03T08:02:53.850Z] HTTP Error: 403, The caller does not have permission
[debug] [2021-09-03T08:02:54.007Z] FirebaseError: HTTP Error: 403, The caller does not have permission
    at module.exports (C:\Users\funny\AppData\Roaming\npm\node_modules\firebase-tools\lib\responseToError.js:38:12)
    at Client.doRequest (C:\Users\funny\AppData\Roaming\npm\node_modules\firebase-tools\lib\apiv2.js:238:23)
    at processTicksAndRejections (node:internal/process/task_queues:96:5)
    at async Client.request (C:\Users\funny\AppData\Roaming\npm\node_modules\firebase-tools\lib\apiv2.js:96:20)
    at async Object.getFirebaseProject (C:\Users\funny\AppData\Roaming\npm\node_modules\firebase-tools\lib\management\projects.js:290:21)
    at async Object.doSetup [as project] (C:\Users\funny\AppData\Roaming\npm\node_modules\firebase-tools\lib\init\features\project.js:77:27)
    at async init (C:\Users\funny\AppData\Roaming\npm\node_modules\firebase-tools\lib\init\index.js:19:9)
[error] 
[error] Error: Failed to get Firebase project oshop-e8140. Please make sure the project exists and your account has permission to access it.
